<?xml version="1.0" encoding="UTF-8"?>
<!-- Generated by org.testng.reporters.JUnitReportReporter -->
<testsuite hostname="DESKTOP-HOF3APB" failures="0" tests="3" name="test.LoginTest" time="14.539" errors="0" timestamp="2024-12-15T11:29:06 CST" skipped="0">
  <testcase classname="test.LoginTest" name="validateAlertMessages" time="2.781"/>
  <system-out/>
  <testcase classname="test.LoginTest" name="validUserShouldBeAbleToLogin" time="11.750"/>
  <system-out/>
  <testcase classname="test.LoginTest" name="testRegression" time="0.008"/>
  <system-out/>
</testsuite> <!-- test.LoginTest -->
