<?xml version="1.0" encoding="UTF-8"?>
<!-- Generated by org.testng.reporters.JUnitReportReporter -->
<testsuite hostname="DESKTOP-HOF3APB" failures="0" tests="1" name="test.AddCustomerTest" time="54.398" errors="0" timestamp="2024-12-15T11:29:06 CST" skipped="0">
  <testcase classname="test.AddCustomerTest" name="validUserShouldBeAbleToAddCustomer" time="54.398"/>
  <system-out/>
</testsuite> <!-- test.AddCustomerTest -->
